
Circuit 1 cell pfet_05v0 and Circuit 2 cell pfet_05v0 are black boxes.
Warning: Equate pins:  cell pfet_05v0 is a placeholder, treated as a black box.
Warning: Equate pins:  cell pfet_05v0 is a placeholder, treated as a black box.

Subcircuit pins:
Circuit 1: pfet_05v0                       |Circuit 2: pfet_05v0                       
-------------------------------------------|-------------------------------------------
1                                          |1                                          
2                                          |2                                          
3                                          |3                                          
4                                          |4                                          
---------------------------------------------------------------------------------------
Cell pin lists are equivalent.
Device classes pfet_05v0 and pfet_05v0 are equivalent.

Circuit 1 cell nfet_05v0 and Circuit 2 cell nfet_05v0 are black boxes.
Warning: Equate pins:  cell nfet_05v0 is a placeholder, treated as a black box.
Warning: Equate pins:  cell nfet_05v0 is a placeholder, treated as a black box.

Subcircuit pins:
Circuit 1: nfet_05v0                       |Circuit 2: nfet_05v0                       
-------------------------------------------|-------------------------------------------
1                                          |1                                          
2                                          |2                                          
3                                          |3                                          
4                                          |4                                          
---------------------------------------------------------------------------------------
Cell pin lists are equivalent.
Device classes nfet_05v0 and nfet_05v0 are equivalent.

Subcircuit summary:
Circuit 1: row                             |Circuit 2: lsdl_nand2_x1                   
-------------------------------------------|-------------------------------------------
pfet_05v0 (5)                              |pfet_05v0 (5)                              
nfet_05v0 (7)                              |nfet_05v0 (7)                              
Number of devices: 12                      |Number of devices: 12                      
Number of nets: 12                         |Number of nets: 12                         
---------------------------------------------------------------------------------------
Netlists match uniquely.

Subcircuit pins:
Circuit 1: row                             |Circuit 2: lsdl_nand2_x1                   
-------------------------------------------|-------------------------------------------
A1                                         |A1                                         
A2                                         |A2                                         
VGND                                       |VGND                                       
VPWR                                       |VPWR                                       
Clk                                        |Clk                                        
Out                                        |Out                                        
---------------------------------------------------------------------------------------
Cell pin lists are equivalent.
Device classes row and lsdl_nand2_x1 are equivalent.

Final result: Circuits match uniquely.
.
